---
- MemAlloc
  addr:            0x7ffe982bb75c
  size:            4
- PtrDef
  pointer ID:      0
  addr:            0x7ffe982bb75c
- MemAlloc
  addr:            0x7ffe982bb750
  size:            8
- PtrDef
  pointer ID:      1
  addr:            0x7ffe982bb750
- MemAlloc
  addr:            0x7ffe982bb748
  size:            8
- PtrDef
  pointer ID:      2
  addr:            0x7ffe982bb748
- MemAlloc
  addr:            0x7ffe982bb744
  size:            4
- PtrDef
  pointer ID:      3
  addr:            0x7ffe982bb744
- MemAlloc
  addr:            0x7ffe982bb738
  size:            8
- PtrDef
  pointer ID:      4
  addr:            0x7ffe982bb738
- PtrDef
  pointer ID:      5
  addr:            0xa996a0
- PtrDef
  pointer ID:      6
  addr:            0xa996a0
- MemAlloc
  addr:            0x7ffe982bb678
  size:            8
- PtrDef
  pointer ID:      16
  addr:            0x7ffe982bb678
- MemAlloc
  addr:            0x7ffe982bb674
  size:            4
- PtrDef
  pointer ID:      17
  addr:            0x7ffe982bb674
- PtrDef
  pointer ID:      18
  addr:            0xa996a0
- PtrDef
  pointer ID:      19
  addr:            0xa996a0
- PtrDef
  pointer ID:      7
  addr:            0xa99650
- PtrDef
  pointer ID:      8
  addr:            0xa99650
- PtrDef
  pointer ID:      9
  addr:            0xa99650
- PtrDef
  pointer ID:      10
  addr:            0xa99650
- PtrDef
  pointer ID:      11
  addr:            0xa99650
- PtrDef
  pointer ID:      12
  addr:            0xa996a0
- PtrDef
  pointer ID:      13
  addr:            0xa996a0
...
